TN:
SF:src\core\infra\database\entities\account.ts
FN:74,AccountEntity
FN:54,hashPassword
FN:59,loadTempPassword
FN:65,encryptPassword
FNF:4
FNH:0
FNDA:0,AccountEntity
FNDA:0,hashPassword
FNDA:0,loadTempPassword
FNDA:0,encryptPassword
DA:1,1
DA:2,1
DA:3,1
DA:4,1
DA:5,1
DA:6,1
DA:7,1
DA:8,1
DA:9,1
DA:10,1
DA:11,1
DA:12,1
DA:13,1
DA:14,1
DA:15,1
DA:16,1
DA:17,1
DA:18,1
DA:19,1
DA:20,1
DA:21,1
DA:22,1
DA:23,1
DA:24,1
DA:25,1
DA:26,1
DA:27,1
DA:28,1
DA:29,1
DA:30,1
DA:31,1
DA:32,1
DA:33,1
DA:34,1
DA:35,1
DA:36,1
DA:37,1
DA:38,1
DA:39,1
DA:40,1
DA:41,1
DA:42,1
DA:43,1
DA:44,1
DA:45,1
DA:46,1
DA:47,1
DA:48,1
DA:49,1
DA:50,1
DA:51,1
DA:52,1
DA:53,1
DA:54,1
DA:55,0
DA:56,0
DA:57,1
DA:58,1
DA:59,1
DA:60,0
DA:61,0
DA:62,1
DA:63,1
DA:64,1
DA:65,1
DA:66,0
DA:67,0
DA:68,0
DA:69,0
DA:70,1
DA:71,1
DA:72,1
DA:73,1
DA:74,1
DA:75,0
DA:76,0
DA:77,0
DA:78,0
DA:79,0
DA:80,0
DA:81,0
DA:82,0
DA:83,0
DA:84,0
DA:85,0
DA:86,0
DA:87,0
DA:88,0
DA:89,1
LF:89
LH:67
BRF:0
BRH:0
end_of_record
TN:
SF:src\core\infra\database\entities\post.ts
FN:45,PostEntity
FN:41,Object.<anonymous>.__decorate.name
FNF:2
FNH:0
FNDA:0,PostEntity
FNDA:0,Object.<anonymous>.__decorate.name
DA:1,1
DA:2,1
DA:3,1
DA:4,1
DA:5,1
DA:6,1
DA:7,1
DA:8,1
DA:9,1
DA:10,1
DA:11,1
DA:12,1
DA:13,1
DA:14,1
DA:15,1
DA:16,1
DA:17,1
DA:18,1
DA:19,1
DA:20,1
DA:21,1
DA:22,1
DA:23,1
DA:24,1
DA:25,1
DA:26,1
DA:27,1
DA:28,1
DA:29,1
DA:30,1
DA:31,1
DA:32,1
DA:33,1
DA:34,1
DA:35,1
DA:36,1
DA:37,1
DA:38,1
DA:39,1
DA:40,1
DA:41,1
DA:42,1
DA:43,1
DA:44,1
DA:45,1
DA:46,0
DA:47,0
DA:48,0
DA:49,0
DA:50,0
DA:51,0
DA:52,0
DA:53,0
DA:54,0
DA:55,0
DA:56,0
DA:57,0
DA:58,1
LF:58
LH:46
BRF:0
BRH:0
end_of_record
TN:
SF:src\features\authentication\domain\dtos\sign_in.dto.ts
FN:5,SignInDto
FNF:1
FNH:1
FNDA:9,SignInDto
DA:1,1
DA:2,1
DA:3,1
DA:4,1
DA:5,1
DA:6,9
DA:7,9
DA:8,9
DA:9,9
DA:10,9
DA:11,1
DA:12,1
LF:12
LH:12
BRDA:5,0,0,9
BRF:1
BRH:1
end_of_record
TN:
SF:src\features\authentication\domain\usecases\sign_in.usecase.ts
FN:12,SignInUseCase
FN:14,run
FNF:2
FNH:2
FNDA:9,SignInUseCase
FNDA:9,run
DA:1,1
DA:2,1
DA:3,1
DA:4,1
DA:5,1
DA:6,1
DA:7,1
DA:8,1
DA:9,1
DA:10,1
DA:11,1
DA:12,1
DA:13,1
DA:14,1
DA:15,9
DA:16,9
DA:17,9
DA:18,9
DA:19,9
DA:20,9
DA:21,9
DA:22,9
DA:23,9
DA:24,9
DA:25,1
DA:26,1
DA:27,5
DA:28,9
DA:29,1
DA:30,1
DA:31,4
DA:32,4
DA:33,4
DA:34,9
DA:35,1
DA:36,1
DA:37,3
DA:38,9
DA:39,2
DA:40,2
DA:41,2
DA:42,9
DA:43,1
DA:44,1
DA:45,9
DA:46,1
LF:46
LH:46
BRDA:12,0,0,9
BRDA:14,1,0,9
BRDA:24,2,0,5
BRDA:24,3,0,1
BRDA:27,4,0,5
BRDA:28,5,0,1
BRDA:31,6,0,4
BRDA:34,7,0,3
BRDA:34,8,0,1
BRDA:37,9,0,3
BRDA:38,10,0,2
BRDA:42,11,0,1
BRF:12
BRH:12
end_of_record
TN:
SF:src\features\authentication\infra\database\repositories\authentication.repository.ts
FN:13,AuthenticationRepository
FN:17,getAccountByEmail
FN:29,validatePassword
FNF:3
FNH:0
FNDA:0,AuthenticationRepository
FNDA:0,getAccountByEmail
FNDA:0,validatePassword
DA:1,1
DA:2,1
DA:3,1
DA:4,1
DA:5,1
DA:6,1
DA:7,1
DA:8,1
DA:9,1
DA:10,1
DA:11,1
DA:12,1
DA:13,1
DA:14,0
DA:15,0
DA:16,1
DA:17,1
DA:18,0
DA:19,0
DA:20,0
DA:21,0
DA:22,0
DA:23,0
DA:24,0
DA:25,0
DA:26,0
DA:27,0
DA:28,1
DA:29,1
DA:30,0
DA:31,0
DA:32,0
DA:33,0
DA:34,0
DA:35,0
DA:36,1
LF:36
LH:18
BRF:0
BRH:0
end_of_record
TN:
SF:src\shared\adapters\jwt.adapter.ts
FN:6,JwtAdapter
FN:10,encrypt
FN:14,decrypt
FNF:3
FNH:0
FNDA:0,JwtAdapter
FNDA:0,encrypt
FNDA:0,decrypt
DA:1,1
DA:2,1
DA:3,1
DA:4,1
DA:5,1
DA:6,1
DA:7,0
DA:8,0
DA:9,1
DA:10,1
DA:11,0
DA:12,0
DA:13,1
DA:14,1
DA:15,0
DA:16,0
DA:17,1
LF:17
LH:11
BRF:0
BRH:0
end_of_record
TN:
SF:src\shared\presentation\errors\bad_request.error.ts
FN:7,BadRequestError
FNF:1
FNH:1
FNDA:8,BadRequestError
DA:1,1
DA:2,1
DA:3,1
DA:4,1
DA:5,1
DA:6,1
DA:7,1
DA:8,8
DA:9,8
DA:10,8
DA:11,8
DA:12,8
DA:13,1
DA:14,1
LF:14
LH:14
BRDA:7,0,0,8
BRF:1
BRH:1
end_of_record
TN:
SF:src\shared\presentation\errors\custom.error.ts
FN:4,CustomError
FNF:1
FNH:1
FNDA:14,CustomError
DA:1,1
DA:2,1
DA:3,1
DA:4,1
DA:5,14
DA:6,14
DA:7,1
LF:7
LH:7
BRDA:4,0,0,14
BRF:1
BRH:1
end_of_record
TN:
SF:src\shared\presentation\errors\index.ts
FNF:0
FNH:0
DA:1,1
DA:2,1
DA:3,1
DA:4,1
LF:4
LH:4
BRF:0
BRH:0
end_of_record
TN:
SF:src\shared\presentation\errors\not_found.error.ts
FN:7,NotFoundError
FNF:1
FNH:1
FNDA:2,NotFoundError
DA:1,1
DA:2,1
DA:3,1
DA:4,1
DA:5,1
DA:6,1
DA:7,1
DA:8,2
DA:9,2
DA:10,2
DA:11,2
DA:12,2
DA:13,1
LF:13
LH:13
BRDA:7,0,0,2
BRF:1
BRH:1
end_of_record
TN:
SF:src\shared\presentation\errors\server.error.ts
FN:7,ServerError
FNF:1
FNH:1
FNDA:4,ServerError
DA:1,1
DA:2,1
DA:3,1
DA:4,1
DA:5,1
DA:6,1
DA:7,1
DA:8,4
DA:9,4
DA:10,4
DA:11,4
DA:12,4
DA:13,1
LF:13
LH:13
BRDA:7,0,0,4
BRF:1
BRH:1
end_of_record
TN:
SF:src\shared\presentation\errors\unauthorized.error.ts
FN:7,UnauthorizedError
FNF:1
FNH:0
FNDA:0,UnauthorizedError
DA:1,1
DA:2,1
DA:3,1
DA:4,1
DA:5,1
DA:6,1
DA:7,1
DA:8,0
DA:9,0
DA:10,0
DA:11,0
DA:12,0
DA:13,1
LF:13
LH:8
BRF:0
BRH:0
end_of_record
TN:
SF:src\shared\utils\extension_methods.ts
FN:12,Object.<anonymous>.Date.toAppDate
FN:25,Object.<anonymous>.String.isEmpty
FN:29,Object.<anonymous>.String.isNotEmpty
FNF:3
FNH:1
FNDA:0,Object.<anonymous>.Date.toAppDate
FNDA:5,Object.<anonymous>.String.isEmpty
FNDA:0,Object.<anonymous>.String.isNotEmpty
DA:1,1
DA:2,1
DA:3,1
DA:4,1
DA:5,1
DA:6,1
DA:7,1
DA:8,1
DA:9,1
DA:10,1
DA:11,1
DA:12,1
DA:13,0
DA:14,0
DA:15,0
DA:16,0
DA:17,0
DA:18,0
DA:19,0
DA:20,0
DA:21,0
DA:22,0
DA:23,0
DA:24,1
DA:25,1
DA:26,5
DA:27,5
DA:28,1
DA:29,1
DA:30,0
DA:31,0
DA:32,1
DA:33,1
LF:33
LH:20
BRDA:25,0,0,5
BRF:1
BRH:1
end_of_record
TN:
SF:src\shared\utils\index.ts
FNF:0
FNH:0
DA:1,1
DA:2,1
LF:2
LH:2
BRF:0
BRH:0
end_of_record
TN:
SF:src\shared\utils\validators.ts
FN:3,charactersLengthValidator
FN:12,emailValidator
FNF:2
FNH:2
FNDA:16,charactersLengthValidator
FNDA:8,emailValidator
DA:1,1
DA:2,1
DA:3,1
DA:4,16
DA:5,2
DA:6,2
DA:7,16
DA:8,0
DA:9,0
DA:10,16
DA:11,1
DA:12,1
DA:13,8
DA:14,1
DA:15,1
DA:16,8
LF:16
LH:14
BRDA:3,0,0,16
BRDA:4,1,0,2
BRDA:7,2,0,14
BRDA:7,3,0,0
BRDA:7,4,0,0
BRDA:12,5,0,8
BRDA:13,6,0,7
BRDA:13,7,0,1
BRF:8
BRH:6
end_of_record
